# JRE version: OpenJDK Runtime Environment (11.0+28) (build 11+28)
# Java VM: OpenJDK 64-Bit Server VM (11+28, mixed mode, tiered, compressed oops, g1 gc, windows-amd64)
Heap:
 garbage-first heap   total 336896K, used 333589K [0x00000000a2400000, 0x0000000100000000)
  region size 1024K, 5 young (5120K), 1 survivors (1024K)
 Metaspace       used 29592K, capacity 30628K, committed 30848K, reserved 1075200K
  class space    used 3674K, capacity 4129K, committed 4224K, reserved 1048576K
GC Heap History (10 events):
Event: 10.588 GC heap before
{Heap before GC invocations=273 (full 0):
 garbage-first heap   total 329728K, used 326009K [0x00000000a2400000, 0x0000000100000000)
  region size 1024K, 2 young (2048K), 1 survivors (1024K)
 Metaspace       used 28819K, capacity 29756K, committed 29824K, reserved 1075200K
  class space    used 3554K, capacity 3967K, committed 3968K, reserved 1048576K
}
Event: 10.588 GC heap after
{Heap after GC invocations=274 (full 0):
 garbage-first heap   total 329728K, used 323989K [0x00000000a2400000, 0x0000000100000000)
  region size 1024K, 1 young (1024K), 1 survivors (1024K)
 Metaspace       used 28819K, capacity 29756K, committed 29824K, reserved 1075200K
  class space    used 3554K, capacity 3967K, committed 3968K, reserved 1048576K
}
Event: 10.637 GC heap before
{Heap before GC invocations=275 (full 0):
 garbage-first heap   total 329728K, used 326037K [0x00000000a2400000, 0x0000000100000000)
  region size 1024K, 2 young (2048K), 1 survivors (1024K)
 Metaspace       used 28822K, capacity 29756K, committed 29824K, reserved 1075200K
  class space    used 3554K, capacity 3967K, committed 3968K, reserved 1048576K
}
Event: 10.638 GC heap after
{Heap after GC invocations=276 (full 0):
 garbage-first heap   total 329728K, used 326051K [0x00000000a2400000, 0x0000000100000000)
  region size 1024K, 1 young (1024K), 1 survivors (1024K)
 Metaspace       used 28822K, capacity 29756K, committed 29824K, reserved 1075200K
  class space    used 3554K, capacity 3967K, committed 3968K, reserved 1048576K
}
Event: 10.650 GC heap before
{Heap before GC invocations=277 (full 0):
 garbage-first heap   total 333824K, used 330147K [0x00000000a2400000, 0x0000000100000000)
  region size 1024K, 2 young (2048K), 1 survivors (1024K)
 Metaspace       used 28827K, capacity 29756K, committed 29824K, reserved 1075200K
  class space    used 3554K, capacity 3967K, committed 3968K, reserved 1048576K
}
Event: 10.651 GC heap after
{Heap after GC invocations=278 (full 0):
 garbage-first heap   total 333824K, used 328118K [0x00000000a2400000, 0x0000000100000000)
  region size 1024K, 1 young (1024K), 1 survivors (1024K)
 Metaspace       used 28827K, capacity 29756K, committed 29824K, reserved 1075200K
  class space    used 3554K, capacity 3967K, committed 3968K, reserved 1048576K
}
Event: 10.697 GC heap before
{Heap before GC invocations=279 (full 0):
 garbage-first heap   total 333824K, used 330166K [0x00000000a2400000, 0x0000000100000000)
  region size 1024K, 2 young (2048K), 1 survivors (1024K)
 Metaspace       used 28828K, capacity 29756K, committed 29824K, reserved 1075200K
  class space    used 3554K, capacity 3967K, committed 3968K, reserved 1048576K
}
Event: 10.698 GC heap after
{Heap after GC invocations=280 (full 0):
 garbage-first heap   total 333824K, used 330169K [0x00000000a2400000, 0x0000000100000000)
  region size 1024K, 1 young (1024K), 1 survivors (1024K)
 Metaspace       used 28828K, capacity 29756K, committed 29824K, reserved 1075200K
  class space    used 3554K, capacity 3967K, committed 3968K, reserved 1048576K
}
Event: 10.735 GC heap before
{Heap before GC invocations=281 (full 0):
 garbage-first heap   total 335872K, used 334265K [0x00000000a2400000, 0x0000000100000000)
  region size 1024K, 3 young (3072K), 1 survivors (1024K)
 Metaspace       used 29132K, capacity 30116K, committed 30208K, reserved 1075200K
  class space    used 3601K, capacity 4023K, committed 4096K, reserved 1048576K
}
Event: 10.736 GC heap after
{Heap after GC invocations=282 (full 0):
 garbage-first heap   total 336896K, used 330517K [0x00000000a2400000, 0x0000000100000000)
  region size 1024K, 1 young (1024K), 1 survivors (1024K)
 Metaspace       used 29132K, capacity 30116K, committed 30208K, reserved 1075200K
  class space    used 3601K, capacity 4023K, committed 4096K, reserved 1048576K
}

