# JRE version: OpenJDK Runtime Environment (11.0+28) (build 11+28)
# Java VM: OpenJDK 64-Bit Server VM (11+28, mixed mode, tiered, compressed oops, g1 gc, windows-amd64)
Heap:
 garbage-first heap   total 407552K, used 403535K [0x00000000a2400000, 0x0000000100000000)
  region size 1024K, 11 young (11264K), 3 survivors (3072K)
 Metaspace       used 31535K, capacity 32703K, committed 33024K, reserved 1077248K
  class space    used 3801K, capacity 4272K, committed 4352K, reserved 1048576K
GC Heap History (10 events):
Event: 18.734 GC heap before
{Heap before GC invocations=337 (full 0):
 garbage-first heap   total 392192K, used 389862K [0x00000000a2400000, 0x0000000100000000)
  region size 1024K, 8 young (8192K), 2 survivors (2048K)
 Metaspace       used 30951K, capacity 32078K, committed 32128K, reserved 1077248K
  class space    used 3762K, capacity 4220K, committed 4224K, reserved 1048576K
}
Event: 18.737 GC heap after
{Heap after GC invocations=338 (full 0):
 garbage-first heap   total 396288K, used 387046K [0x00000000a2400000, 0x0000000100000000)
  region size 1024K, 3 young (3072K), 3 survivors (3072K)
 Metaspace       used 30951K, capacity 32078K, committed 32128K, reserved 1077248K
  class space    used 3762K, capacity 4220K, committed 4224K, reserved 1048576K
}
Event: 18.757 GC heap before
{Heap before GC invocations=339 (full 0):
 garbage-first heap   total 396288K, used 388070K [0x00000000a2400000, 0x0000000100000000)
  region size 1024K, 4 young (4096K), 3 survivors (3072K)
 Metaspace       used 30951K, capacity 32078K, committed 32128K, reserved 1077248K
  class space    used 3762K, capacity 4220K, committed 4224K, reserved 1048576K
}
Event: 18.759 GC heap after
{Heap after GC invocations=340 (full 0):
 garbage-first heap   total 396288K, used 388126K [0x00000000a2400000, 0x0000000100000000)
  region size 1024K, 2 young (2048K), 2 survivors (2048K)
 Metaspace       used 30951K, capacity 32078K, committed 32128K, reserved 1077248K
  class space    used 3762K, capacity 4220K, committed 4224K, reserved 1048576K
}
Event: 18.823 GC heap before
{Heap before GC invocations=341 (full 0):
 garbage-first heap   total 396288K, used 388126K [0x00000000a2400000, 0x0000000100000000)
  region size 1024K, 4 young (4096K), 2 survivors (2048K)
 Metaspace       used 31041K, capacity 32111K, committed 32256K, reserved 1077248K
  class space    used 3766K, capacity 4226K, committed 4352K, reserved 1048576K
}
Event: 18.825 GC heap after
{Heap after GC invocations=342 (full 0):
 garbage-first heap   total 396288K, used 388649K [0x00000000a2400000, 0x0000000100000000)
  region size 1024K, 2 young (2048K), 2 survivors (2048K)
 Metaspace       used 31041K, capacity 32111K, committed 32256K, reserved 1077248K
  class space    used 3766K, capacity 4226K, committed 4352K, reserved 1048576K
}
Event: 18.932 GC heap before
{Heap before GC invocations=343 (full 0):
 garbage-first heap   total 396288K, used 395817K [0x00000000a2400000, 0x0000000100000000)
  region size 1024K, 7 young (7168K), 2 survivors (2048K)
 Metaspace       used 31196K, capacity 32360K, committed 32512K, reserved 1077248K
  class space    used 3792K, capacity 4269K, committed 4352K, reserved 1048576K
}
Event: 18.934 GC heap after
{Heap after GC invocations=344 (full 0):
 garbage-first heap   total 400384K, used 393169K [0x00000000a2400000, 0x0000000100000000)
  region size 1024K, 3 young (3072K), 3 survivors (3072K)
 Metaspace       used 31196K, capacity 32360K, committed 32512K, reserved 1077248K
  class space    used 3792K, capacity 4269K, committed 4352K, reserved 1048576K
}
Event: 18.967 GC heap before
{Heap before GC invocations=344 (full 0):
 garbage-first heap   total 400384K, used 400337K [0x00000000a2400000, 0x0000000100000000)
  region size 1024K, 10 young (10240K), 3 survivors (3072K)
 Metaspace       used 31254K, capacity 32443K, committed 32768K, reserved 1077248K
  class space    used 3793K, capacity 4271K, committed 4352K, reserved 1048576K
}
Event: 18.978 GC heap after
{Heap after GC invocations=345 (full 0):
 garbage-first heap   total 407552K, used 396367K [0x00000000a2400000, 0x0000000100000000)
  region size 1024K, 3 young (3072K), 3 survivors (3072K)
 Metaspace       used 31254K, capacity 32443K, committed 32768K, reserved 1077248K
  class space    used 3793K, capacity 4271K, committed 4352K, reserved 1048576K
}

