# JRE version: OpenJDK Runtime Environment (11.0+28) (build 11+28)
# Java VM: OpenJDK 64-Bit Server VM (11+28, mixed mode, tiered, compressed oops, g1 gc, windows-amd64)
Heap:
 garbage-first heap   total 245760K, used 123857K [0x00000000a2400000, 0x0000000100000000)
  region size 1024K, 1 young (1024K), 1 survivors (1024K)
 Metaspace       used 30262K, capacity 31355K, committed 31616K, reserved 1077248K
  class space    used 3726K, capacity 4183K, committed 4224K, reserved 1048576K
GC Heap History (10 events):
Event: 41.575 GC heap after
{Heap after GC invocations=67 (full 0):
 garbage-first heap   total 204800K, used 113538K [0x00000000a2400000, 0x0000000100000000)
  region size 1024K, 1 young (1024K), 1 survivors (1024K)
 Metaspace       used 30254K, capacity 31354K, committed 31616K, reserved 1077248K
  class space    used 3726K, capacity 4183K, committed 4224K, reserved 1048576K
}
Event: 41.588 GC heap before
{Heap before GC invocations=68 (full 0):
 garbage-first heap   total 204800K, used 117634K [0x00000000a2400000, 0x0000000100000000)
  region size 1024K, 2 young (2048K), 1 survivors (1024K)
 Metaspace       used 30254K, capacity 31354K, committed 31616K, reserved 1077248K
  class space    used 3726K, capacity 4183K, committed 4224K, reserved 1048576K
}
Event: 41.589 GC heap after
{Heap after GC invocations=69 (full 0):
 garbage-first heap   total 204800K, used 115604K [0x00000000a2400000, 0x0000000100000000)
  region size 1024K, 1 young (1024K), 1 survivors (1024K)
 Metaspace       used 30254K, capacity 31354K, committed 31616K, reserved 1077248K
  class space    used 3726K, capacity 4183K, committed 4224K, reserved 1048576K
}
Event: 41.637 GC heap before
{Heap before GC invocations=70 (full 0):
 garbage-first heap   total 204800K, used 117652K [0x00000000a2400000, 0x0000000100000000)
  region size 1024K, 2 young (2048K), 1 survivors (1024K)
 Metaspace       used 30257K, capacity 31354K, committed 31616K, reserved 1077248K
  class space    used 3726K, capacity 4183K, committed 4224K, reserved 1048576K
}
Event: 41.637 GC heap after
{Heap after GC invocations=71 (full 0):
 garbage-first heap   total 204800K, used 117650K [0x00000000a2400000, 0x0000000100000000)
  region size 1024K, 1 young (1024K), 1 survivors (1024K)
 Metaspace       used 30257K, capacity 31354K, committed 31616K, reserved 1077248K
  class space    used 3726K, capacity 4183K, committed 4224K, reserved 1048576K
}
Event: 41.650 GC heap before
{Heap before GC invocations=72 (full 0):
 garbage-first heap   total 204800K, used 121746K [0x00000000a2400000, 0x0000000100000000)
  region size 1024K, 2 young (2048K), 1 survivors (1024K)
 Metaspace       used 30259K, capacity 31354K, committed 31616K, reserved 1077248K
  class space    used 3726K, capacity 4183K, committed 4224K, reserved 1048576K
}
Event: 41.651 GC heap after
{Heap after GC invocations=73 (full 0):
 garbage-first heap   total 204800K, used 119724K [0x00000000a2400000, 0x0000000100000000)
  region size 1024K, 1 young (1024K), 1 survivors (1024K)
 Metaspace       used 30259K, capacity 31354K, committed 31616K, reserved 1077248K
  class space    used 3726K, capacity 4183K, committed 4224K, reserved 1048576K
}
Event: 41.697 GC heap before
{Heap before GC invocations=74 (full 0):
 garbage-first heap   total 204800K, used 121772K [0x00000000a2400000, 0x0000000100000000)
  region size 1024K, 2 young (2048K), 1 survivors (1024K)
 Metaspace       used 30262K, capacity 31355K, committed 31616K, reserved 1077248K
  class space    used 3726K, capacity 4183K, committed 4224K, reserved 1048576K
}
Event: 41.698 GC heap after
{Heap after GC invocations=75 (full 0):
 garbage-first heap   total 204800K, used 121786K [0x00000000a2400000, 0x0000000100000000)
  region size 1024K, 1 young (1024K), 1 survivors (1024K)
 Metaspace       used 30262K, capacity 31355K, committed 31616K, reserved 1077248K
  class space    used 3726K, capacity 4183K, committed 4224K, reserved 1048576K
}
Event: 41.711 GC heap before
{Heap before GC invocations=76 (full 0):
 garbage-first heap   total 204800K, used 125882K [0x00000000a2400000, 0x0000000100000000)
  region size 1024K, 2 young (2048K), 1 survivors (1024K)
 Metaspace       used 30262K, capacity 31355K, committed 31616K, reserved 1077248K
  class space    used 3726K, capacity 4183K, committed 4224K, reserved 1048576K
}

