# JRE version: OpenJDK Runtime Environment (11.0+28) (build 11+28)
# Java VM: OpenJDK 64-Bit Server VM (11+28, mixed mode, tiered, compressed oops, g1 gc, windows-amd64)
Heap:
 garbage-first heap   total 96256K, used 31671K [0x00000000a2400000, 0x0000000100000000)
  region size 1024K, 26 young (26624K), 7 survivors (7168K)
 Metaspace       used 30925K, capacity 32036K, committed 32128K, reserved 1077248K
  class space    used 3703K, capacity 4165K, committed 4224K, reserved 1048576K
GC Heap History (6 events):
Event: 0.604 GC heap before
{Heap before GC invocations=0 (full 0):
 garbage-first heap   total 96256K, used 23552K [0x00000000a2400000, 0x0000000100000000)
  region size 1024K, 24 young (24576K), 0 survivors (0K)
 Metaspace       used 12417K, capacity 12772K, committed 13056K, reserved 1060864K
  class space    used 1348K, capacity 1497K, committed 1536K, reserved 1048576K
}
Event: 0.607 GC heap after
{Heap after GC invocations=1 (full 0):
 garbage-first heap   total 96256K, used 3084K [0x00000000a2400000, 0x0000000100000000)
  region size 1024K, 3 young (3072K), 3 survivors (3072K)
 Metaspace       used 12417K, capacity 12772K, committed 13056K, reserved 1060864K
  class space    used 1348K, capacity 1497K, committed 1536K, reserved 1048576K
}
Event: 0.993 GC heap before
{Heap before GC invocations=1 (full 0):
 garbage-first heap   total 96256K, used 26636K [0x00000000a2400000, 0x0000000100000000)
  region size 1024K, 27 young (27648K), 3 survivors (3072K)
 Metaspace       used 20561K, capacity 21169K, committed 21248K, reserved 1067008K
  class space    used 2502K, capacity 2759K, committed 2816K, reserved 1048576K
}
Event: 1.000 GC heap after
{Heap after GC invocations=2 (full 0):
 garbage-first heap   total 96256K, used 6349K [0x00000000a2400000, 0x0000000100000000)
  region size 1024K, 7 young (7168K), 7 survivors (7168K)
 Metaspace       used 20561K, capacity 21169K, committed 21248K, reserved 1067008K
  class space    used 2502K, capacity 2759K, committed 2816K, reserved 1048576K
}
Event: 7184.628 GC heap before
{Heap before GC invocations=3 (full 0):
 garbage-first heap   total 96256K, used 70861K [0x00000000a2400000, 0x0000000100000000)
  region size 1024K, 49 young (50176K), 7 survivors (7168K)
 Metaspace       used 30209K, capacity 31251K, committed 31360K, reserved 1077248K
  class space    used 3697K, capacity 4155K, committed 4224K, reserved 1048576K
}
Event: 7184.684 GC heap after
{Heap after GC invocations=4 (full 0):
 garbage-first heap   total 96256K, used 13239K [0x00000000a2400000, 0x0000000100000000)
  region size 1024K, 7 young (7168K), 7 survivors (7168K)
 Metaspace       used 30209K, capacity 31251K, committed 31360K, reserved 1077248K
  class space    used 3697K, capacity 4155K, committed 4224K, reserved 1048576K
}

